This file contains any messages produced by compilers while
running configure, to aid debugging if configure makes a mistake.

It was created by exiv2 configure 0.23, which was
generated by GNU Autoconf 2.69.  Invocation command line was

  $ ./configure --disable-shared

## --------- ##
## Platform. ##
## --------- ##

hostname = mowgli
uname -m = i686
uname -r = 3.2.0-3-686-pae
uname -s = Linux
uname -v = #1 SMP Mon Jul 23 03:50:34 UTC 2012

/usr/bin/uname -p = unknown
/bin/uname -X     = unknown

/bin/arch              = unknown
/usr/bin/arch -k       = unknown
/usr/convex/getsysinfo = unknown
/usr/bin/hostinfo      = unknown
/bin/machine           = unknown
/usr/bin/oslevel       = unknown
/bin/universe          = unknown

PATH: /usr/local/bin
PATH: /usr/bin
PATH: /bin
PATH: /usr/local/games
PATH: /usr/games


## ----------- ##
## Core tests. ##
## ----------- ##

configure:2695: checking for g++
configure:2711: found /usr/bin/g++
configure:2722: result: g++
configure:2749: checking for C++ compiler version
configure:2758: g++ --version >&5
g++ (Debian 4.7.1-2) 4.7.1
Copyright (C) 2012 Free Software Foundation, Inc.
This is free software; see the source for copying conditions.  There is NO
warranty; not even for MERCHANTABILITY or FITNESS FOR A PARTICULAR PURPOSE.

configure:2769: $? = 0
configure:2758: g++ -v >&5
Using built-in specs.
COLLECT_GCC=g++
COLLECT_LTO_WRAPPER=/usr/lib/gcc/i486-linux-gnu/4.7/lto-wrapper
Target: i486-linux-gnu
Configured with: ../src/configure -v --with-pkgversion='Debian 4.7.1-2' --with-bugurl=file:///usr/share/doc/gcc-4.7/README.Bugs --enable-languages=c,c++,go,fortran,objc,obj-c++ --prefix=/usr --program-suffix=-4.7 --enable-shared --enable-linker-build-id --with-system-zlib --libexecdir=/usr/lib --without-included-gettext --enable-threads=posix --with-gxx-include-dir=/usr/include/c++/4.7 --libdir=/usr/lib --enable-nls --with-sysroot=/ --enable-clocale=gnu --enable-libstdcxx-debug --enable-libstdcxx-time=yes --enable-gnu-unique-object --enable-plugin --enable-objc-gc --enable-targets=all --with-arch-32=i586 --with-tune=generic --enable-checking=release --build=i486-linux-gnu --host=i486-linux-gnu --target=i486-linux-gnu
Thread model: posix
gcc version 4.7.1 (Debian 4.7.1-2) 
configure:2769: $? = 0
configure:2758: g++ -V >&5
g++: error: unrecognized command line option '-V'
g++: fatal error: no input files
compilation terminated.
configure:2769: $? = 4
configure:2758: g++ -qversion >&5
g++: error: unrecognized command line option '-qversion'
g++: fatal error: no input files
compilation terminated.
configure:2769: $? = 4
configure:2789: checking whether the C++ compiler works
configure:2811: g++    conftest.cpp  >&5
configure:2815: $? = 0
configure:2863: result: yes
configure:2866: checking for C++ compiler default output file name
configure:2868: result: a.out
configure:2874: checking for suffix of executables
configure:2881: g++ -o conftest    conftest.cpp  >&5
configure:2885: $? = 0
configure:2907: result: 
configure:2929: checking whether we are cross compiling
configure:2937: g++ -o conftest    conftest.cpp  >&5
configure:2941: $? = 0
configure:2948: ./conftest
configure:2952: $? = 0
configure:2967: result: no
configure:2972: checking for suffix of object files
configure:2994: g++ -c   conftest.cpp >&5
configure:2998: $? = 0
configure:3019: result: o
configure:3023: checking whether we are using the GNU C++ compiler
configure:3042: g++ -c   conftest.cpp >&5
configure:3042: $? = 0
configure:3051: result: yes
configure:3060: checking whether g++ accepts -g
configure:3121: result: no
configure:3149: checking how to run the C++ preprocessor
configure:3176: g++ -E  conftest.cpp
configure:3176: $? = 0
configure:3190: g++ -E  conftest.cpp
conftest.cpp:11:28: fatal error: ac_nonexistent.h: No such file or directory
compilation terminated.
configure:3190: $? = 1
configure: failed program was:
| /* confdefs.h */
| #define PACKAGE_NAME "exiv2"
| #define PACKAGE_TARNAME "exiv2"
| #define PACKAGE_VERSION "0.23"
| #define PACKAGE_STRING "exiv2 0.23"
| #define PACKAGE_BUGREPORT "ahuggel@gmx.net"
| #define PACKAGE_URL ""
| #define PACKAGE "exiv2"
| #define VERSION "0.23"
| /* end confdefs.h.  */
| #include <ac_nonexistent.h>
configure:3215: result: g++ -E
configure:3235: g++ -E  conftest.cpp
configure:3235: $? = 0
configure:3249: g++ -E  conftest.cpp
conftest.cpp:11:28: fatal error: ac_nonexistent.h: No such file or directory
compilation terminated.
configure:3249: $? = 1
configure: failed program was:
| /* confdefs.h */
| #define PACKAGE_NAME "exiv2"
| #define PACKAGE_TARNAME "exiv2"
| #define PACKAGE_VERSION "0.23"
| #define PACKAGE_STRING "exiv2 0.23"
| #define PACKAGE_BUGREPORT "ahuggel@gmx.net"
| #define PACKAGE_URL ""
| #define PACKAGE "exiv2"
| #define VERSION "0.23"
| /* end confdefs.h.  */
| #include <ac_nonexistent.h>
configure:3327: checking for gcc
configure:3343: found /usr/bin/gcc
configure:3354: result: gcc
configure:3583: checking for C compiler version
configure:3592: gcc --version >&5
gcc (Debian 4.7.1-2) 4.7.1
Copyright (C) 2012 Free Software Foundation, Inc.
This is free software; see the source for copying conditions.  There is NO
warranty; not even for MERCHANTABILITY or FITNESS FOR A PARTICULAR PURPOSE.

configure:3603: $? = 0
configure:3592: gcc -v >&5
Using built-in specs.
COLLECT_GCC=gcc
COLLECT_LTO_WRAPPER=/usr/lib/gcc/i486-linux-gnu/4.7/lto-wrapper
Target: i486-linux-gnu
Configured with: ../src/configure -v --with-pkgversion='Debian 4.7.1-2' --with-bugurl=file:///usr/share/doc/gcc-4.7/README.Bugs --enable-languages=c,c++,go,fortran,objc,obj-c++ --prefix=/usr --program-suffix=-4.7 --enable-shared --enable-linker-build-id --with-system-zlib --libexecdir=/usr/lib --without-included-gettext --enable-threads=posix --with-gxx-include-dir=/usr/include/c++/4.7 --libdir=/usr/lib --enable-nls --with-sysroot=/ --enable-clocale=gnu --enable-libstdcxx-debug --enable-libstdcxx-time=yes --enable-gnu-unique-object --enable-plugin --enable-objc-gc --enable-targets=all --with-arch-32=i586 --with-tune=generic --enable-checking=release --build=i486-linux-gnu --host=i486-linux-gnu --target=i486-linux-gnu
Thread model: posix
gcc version 4.7.1 (Debian 4.7.1-2) 
configure:3603: $? = 0
configure:3592: gcc -V >&5
gcc: error: unrecognized command line option '-V'
gcc: fatal error: no input files
compilation terminated.
configure:3603: $? = 4
configure:3592: gcc -qversion >&5
gcc: error: unrecognized command line option '-qversion'
gcc: fatal error: no input files
compilation terminated.
configure:3603: $? = 4
configure:3607: checking whether we are using the GNU C compiler
configure:3626: gcc -c   conftest.c >&5
configure:3626: $? = 0
configure:3635: result: yes
configure:3644: checking whether gcc accepts -g
configure:3705: result: no
configure:3722: checking for gcc option to accept ISO C89
configure:3785: gcc  -c -O2  conftest.c >&5
configure:3785: $? = 0
configure:3798: result: none needed
configure:3823: checking how to run the C preprocessor
configure:3854: gcc -E  conftest.c
configure:3854: $? = 0
configure:3868: gcc -E  conftest.c
conftest.c:11:28: fatal error: ac_nonexistent.h: No such file or directory
compilation terminated.
configure:3868: $? = 1
configure: failed program was:
| /* confdefs.h */
| #define PACKAGE_NAME "exiv2"
| #define PACKAGE_TARNAME "exiv2"
| #define PACKAGE_VERSION "0.23"
| #define PACKAGE_STRING "exiv2 0.23"
| #define PACKAGE_BUGREPORT "ahuggel@gmx.net"
| #define PACKAGE_URL ""
| #define PACKAGE "exiv2"
| #define VERSION "0.23"
| /* end confdefs.h.  */
| #include <ac_nonexistent.h>
configure:3893: result: gcc -E
configure:3913: gcc -E  conftest.c
configure:3913: $? = 0
configure:3927: gcc -E  conftest.c
conftest.c:11:28: fatal error: ac_nonexistent.h: No such file or directory
compilation terminated.
configure:3927: $? = 1
configure: failed program was:
| /* confdefs.h */
| #define PACKAGE_NAME "exiv2"
| #define PACKAGE_TARNAME "exiv2"
| #define PACKAGE_VERSION "0.23"
| #define PACKAGE_STRING "exiv2 0.23"
| #define PACKAGE_BUGREPORT "ahuggel@gmx.net"
| #define PACKAGE_URL ""
| #define PACKAGE "exiv2"
| #define VERSION "0.23"
| /* end confdefs.h.  */
| #include <ac_nonexistent.h>
configure:3969: checking for a BSD-compatible install
configure:4037: result: /usr/bin/install -c
configure:4048: checking whether ln -s works
configure:4052: result: yes
configure:4059: checking whether make sets $(MAKE)
configure:4081: result: yes
configure:4094: checking build system type
configure:4108: result: i686-pc-linux-gnu
configure:4128: checking host system type
configure:4141: result: i686-pc-linux-gnu
configure:4180: checking whether NLS is requested
configure:4189: result: yes
configure:4227: checking for msgfmt
configure: trying /usr/bin/msgfmt...
0 translated messages.
configure:4259: result: /usr/bin/msgfmt
configure:4268: checking for gmsgfmt
configure:4299: result: /usr/bin/msgfmt
configure:4339: checking for xgettext
configure: trying /usr/bin/xgettext...
/usr/bin/xgettext: warning: file `/dev/null' extension `' is unknown; will try C
configure:4371: result: /usr/bin/xgettext
configure:4411: checking for msgmerge
configure: trying /usr/bin/msgmerge...
configure:4442: result: /usr/bin/msgmerge
configure:4517: checking for ld used by GCC
configure:4581: result: /usr/bin/ld
configure:4588: checking if the linker (/usr/bin/ld) is GNU ld
configure:4601: result: yes
configure:4608: checking for shared library run path origin
configure:4621: result: done
configure:5038: checking for CFPreferencesCopyAppValue
configure:5058: gcc -o conftest -O2  -I/System/Library/Frameworks/CoreFoundation.framework/Headers  conftest.c  -framework CoreFoundation >&5
gcc: error: unrecognized command line option '-framework'
gcc: error: CoreFoundation: No such file or directory
configure:5058: $? = 1
configure: failed program was:
| /* confdefs.h */
| #define PACKAGE_NAME "exiv2"
| #define PACKAGE_TARNAME "exiv2"
| #define PACKAGE_VERSION "0.23"
| #define PACKAGE_STRING "exiv2 0.23"
| #define PACKAGE_BUGREPORT "ahuggel@gmx.net"
| #define PACKAGE_URL ""
| #define PACKAGE "exiv2"
| #define VERSION "0.23"
| /* end confdefs.h.  */
| #include <CFPreferences.h>
| int
| main ()
| {
| CFPreferencesCopyAppValue(NULL, NULL)
|   ;
|   return 0;
| }
configure:5068: result: no
configure:5075: checking for CFLocaleCopyCurrent
configure:5095: gcc -o conftest -O2  -I/System/Library/Frameworks/CoreFoundation.framework/Headers  conftest.c  -framework CoreFoundation >&5
gcc: error: unrecognized command line option '-framework'
gcc: error: CoreFoundation: No such file or directory
configure:5095: $? = 1
configure: failed program was:
| /* confdefs.h */
| #define PACKAGE_NAME "exiv2"
| #define PACKAGE_TARNAME "exiv2"
| #define PACKAGE_VERSION "0.23"
| #define PACKAGE_STRING "exiv2 0.23"
| #define PACKAGE_BUGREPORT "ahuggel@gmx.net"
| #define PACKAGE_URL ""
| #define PACKAGE "exiv2"
| #define VERSION "0.23"
| /* end confdefs.h.  */
| #include <CFLocale.h>
| int
| main ()
| {
| CFLocaleCopyCurrent();
|   ;
|   return 0;
| }
configure:5105: result: no
configure:5120: checking whether NLS is requested
configure:5129: result: yes
configure:5147: checking for GNU gettext in libc
configure:5166: gcc -o conftest -O2   conftest.c  >&5
configure:5166: $? = 0
configure:5174: result: yes
configure:5762: checking whether to use NLS
configure:5764: result: yes
configure:5767: checking where the gettext function comes from
configure:5778: result: libc
configure:5864: checking for a sed that does not truncate output
configure:5928: result: /bin/sed
configure:5946: checking for grep that handles long lines and -e
configure:6004: result: /bin/grep
configure:6009: checking for egrep
configure:6071: result: /bin/grep -E
configure:6076: checking for fgrep
configure:6138: result: /bin/grep -F
configure:6173: checking for ld used by gcc
configure:6240: result: /usr/bin/ld
configure:6247: checking if the linker (/usr/bin/ld) is GNU ld
configure:6262: result: yes
configure:6274: checking for BSD- or MS-compatible name lister (nm)
configure:6323: result: /usr/bin/nm -B
configure:6441: checking the name lister (/usr/bin/nm -B) interface
configure:6448: gcc -c -O2  conftest.c >&5
configure:6451: /usr/bin/nm -B "conftest.o"
configure:6454: output
00000000 B some_variable
configure:6461: result: BSD nm
configure:6465: checking the maximum length of command line arguments
configure:6585: result: 1572864
configure:6602: checking whether the shell understands some XSI constructs
configure:6612: result: yes
configure:6616: checking whether the shell understands "+="
configure:6622: result: yes
configure:6657: checking for /usr/bin/ld option to reload object files
configure:6664: result: -r
configure:6733: checking for objdump
configure:6749: found /usr/bin/objdump
configure:6760: result: objdump
configure:6792: checking how to recognize dependent libraries
configure:6988: result: pass_all
configure:7048: checking for ar
configure:7064: found /usr/bin/ar
configure:7075: result: ar
configure:7153: checking for strip
configure:7169: found /usr/bin/strip
configure:7180: result: strip
configure:7252: checking for ranlib
configure:7268: found /usr/bin/ranlib
configure:7279: result: ranlib
configure:7369: checking command to parse /usr/bin/nm -B output from gcc object
configure:7487: gcc -c -O2  conftest.c >&5
configure:7490: $? = 0
configure:7494: /usr/bin/nm -B conftest.o \| sed -n -e 's/^.*[	 ]\([ABCDGIRSTW][ABCDGIRSTW]*\)[	 ][	 ]*\([_A-Za-z][_A-Za-z0-9]*\)$/\1 \2 \2/p' \> conftest.nm
configure:7497: $? = 0
configure:7551: gcc -o conftest -O2   conftest.c conftstm.o >&5
configure:7554: $? = 0
configure:7592: result: ok
configure:8396: checking for ANSI C header files
configure:8416: gcc -c -O2  conftest.c >&5
configure:8416: $? = 0
configure:8489: gcc -o conftest -O2   conftest.c  >&5
configure:8489: $? = 0
configure:8489: ./conftest
configure:8489: $? = 0
configure:8500: result: yes
configure:8513: checking for sys/types.h
configure:8513: gcc -c -O2  conftest.c >&5
configure:8513: $? = 0
configure:8513: result: yes
configure:8513: checking for sys/stat.h
configure:8513: gcc -c -O2  conftest.c >&5
configure:8513: $? = 0
configure:8513: result: yes
configure:8513: checking for stdlib.h
configure:8513: gcc -c -O2  conftest.c >&5
configure:8513: $? = 0
configure:8513: result: yes
configure:8513: checking for string.h
configure:8513: gcc -c -O2  conftest.c >&5
configure:8513: $? = 0
configure:8513: result: yes
configure:8513: checking for memory.h
configure:8513: gcc -c -O2  conftest.c >&5
configure:8513: $? = 0
configure:8513: result: yes
configure:8513: checking for strings.h
configure:8513: gcc -c -O2  conftest.c >&5
configure:8513: $? = 0
configure:8513: result: yes
configure:8513: checking for inttypes.h
configure:8513: gcc -c -O2  conftest.c >&5
configure:8513: $? = 0
configure:8513: result: yes
configure:8513: checking for stdint.h
configure:8513: gcc -c -O2  conftest.c >&5
configure:8513: $? = 0
configure:8513: result: yes
configure:8513: checking for unistd.h
configure:8513: gcc -c -O2  conftest.c >&5
configure:8513: $? = 0
configure:8513: result: yes
configure:8527: checking for dlfcn.h
configure:8527: gcc -c -O2  conftest.c >&5
configure:8527: $? = 0
configure:8527: result: yes
configure:8652: checking for C++ compiler version
configure:8661: g++ --version >&5
g++ (Debian 4.7.1-2) 4.7.1
Copyright (C) 2012 Free Software Foundation, Inc.
This is free software; see the source for copying conditions.  There is NO
warranty; not even for MERCHANTABILITY or FITNESS FOR A PARTICULAR PURPOSE.

configure:8672: $? = 0
configure:8661: g++ -v >&5
Using built-in specs.
COLLECT_GCC=g++
COLLECT_LTO_WRAPPER=/usr/lib/gcc/i486-linux-gnu/4.7/lto-wrapper
Target: i486-linux-gnu
Configured with: ../src/configure -v --with-pkgversion='Debian 4.7.1-2' --with-bugurl=file:///usr/share/doc/gcc-4.7/README.Bugs --enable-languages=c,c++,go,fortran,objc,obj-c++ --prefix=/usr --program-suffix=-4.7 --enable-shared --enable-linker-build-id --with-system-zlib --libexecdir=/usr/lib --without-included-gettext --enable-threads=posix --with-gxx-include-dir=/usr/include/c++/4.7 --libdir=/usr/lib --enable-nls --with-sysroot=/ --enable-clocale=gnu --enable-libstdcxx-debug --enable-libstdcxx-time=yes --enable-gnu-unique-object --enable-plugin --enable-objc-gc --enable-targets=all --with-arch-32=i586 --with-tune=generic --enable-checking=release --build=i486-linux-gnu --host=i486-linux-gnu --target=i486-linux-gnu
Thread model: posix
gcc version 4.7.1 (Debian 4.7.1-2) 
configure:8672: $? = 0
configure:8661: g++ -V >&5
g++: error: unrecognized command line option '-V'
g++: fatal error: no input files
compilation terminated.
configure:8672: $? = 4
configure:8661: g++ -qversion >&5
g++: error: unrecognized command line option '-qversion'
g++: fatal error: no input files
compilation terminated.
configure:8672: $? = 4
configure:8676: checking whether we are using the GNU C++ compiler
configure:8704: result: yes
configure:8713: checking whether g++ accepts -g
configure:8774: result: no
configure:8805: checking how to run the C++ preprocessor
configure:8871: result: g++ -E
configure:8891: g++ -E  conftest.cpp
configure:8891: $? = 0
configure:8905: g++ -E  conftest.cpp
conftest.cpp:25:28: fatal error: ac_nonexistent.h: No such file or directory
compilation terminated.
configure:8905: $? = 1
configure: failed program was:
| /* confdefs.h */
| #define PACKAGE_NAME "exiv2"
| #define PACKAGE_TARNAME "exiv2"
| #define PACKAGE_VERSION "0.23"
| #define PACKAGE_STRING "exiv2 0.23"
| #define PACKAGE_BUGREPORT "ahuggel@gmx.net"
| #define PACKAGE_URL ""
| #define PACKAGE "exiv2"
| #define VERSION "0.23"
| #define ENABLE_NLS 1
| #define HAVE_GETTEXT 1
| #define HAVE_DCGETTEXT 1
| #define STDC_HEADERS 1
| #define HAVE_SYS_TYPES_H 1
| #define HAVE_SYS_STAT_H 1
| #define HAVE_STDLIB_H 1
| #define HAVE_STRING_H 1
| #define HAVE_MEMORY_H 1
| #define HAVE_STRINGS_H 1
| #define HAVE_INTTYPES_H 1
| #define HAVE_STDINT_H 1
| #define HAVE_UNISTD_H 1
| #define HAVE_DLFCN_H 1
| /* end confdefs.h.  */
| #include <ac_nonexistent.h>
configure:9111: checking for objdir
configure:9126: result: .libs
configure:9422: checking if gcc supports -fno-rtti -fno-exceptions
configure:9440: gcc -c -O2  -fno-rtti -fno-exceptions conftest.c >&5
cc1: warning: command line option '-fno-rtti' is valid for C++/ObjC++ but not for C [enabled by default]
configure:9444: $? = 0
configure:9457: result: no
configure:9477: checking for gcc option to produce PIC
configure:9749: result: -fPIC -DPIC
configure:9761: checking if gcc PIC flag -fPIC -DPIC works
configure:9779: gcc -c -O2  -fPIC -DPIC -DPIC conftest.c >&5
configure:9783: $? = 0
configure:9796: result: yes
configure:9820: checking if gcc static flag -static works
configure:9848: result: yes
configure:9863: checking if gcc supports -c -o file.o
configure:9884: gcc -c -O2  -o out/conftest2.o conftest.c >&5
configure:9888: $? = 0
configure:9910: result: yes
configure:9918: checking if gcc supports -c -o file.o
configure:9965: result: yes
configure:9998: checking whether the gcc linker (/usr/bin/ld) supports shared libraries
configure:10988: result: yes
configure:11227: checking dynamic linker characteristics
configure:11660: gcc -o conftest -O2   -Wl,-rpath -Wl,/foo conftest.c  >&5
configure:11660: $? = 0
configure:11890: result: GNU/Linux ld.so
configure:11992: checking how to hardcode library paths into programs
configure:12017: result: immediate
configure:12537: checking whether stripping libraries is possible
configure:12542: result: yes
configure:12577: checking if libtool supports shared libraries
configure:12579: result: yes
configure:12582: checking whether to build shared libraries
configure:12603: result: no
configure:12606: checking whether to build static libraries
configure:12610: result: yes
configure:12760: checking for ld used by g++
configure:12827: result: /usr/bin/ld
configure:12834: checking if the linker (/usr/bin/ld) is GNU ld
configure:12849: result: yes
configure:12904: checking whether the g++ linker (/usr/bin/ld) supports shared libraries
configure:13817: result: yes
configure:13845: g++ -c -O2  conftest.cpp >&5
configure:13848: $? = 0
configure:14030: checking for g++ option to produce PIC
configure:14347: result: -fPIC -DPIC
configure:14356: checking if g++ PIC flag -fPIC -DPIC works
configure:14374: g++ -c -O2  -fPIC -DPIC -DPIC conftest.cpp >&5
configure:14378: $? = 0
configure:14391: result: yes
configure:14412: checking if g++ static flag -static works
configure:14440: result: yes
configure:14452: checking if g++ supports -c -o file.o
configure:14473: g++ -c -O2  -o out/conftest2.o conftest.cpp >&5
configure:14477: $? = 0
configure:14499: result: yes
configure:14504: checking if g++ supports -c -o file.o
configure:14551: result: yes
configure:14581: checking whether the g++ linker (/usr/bin/ld) supports shared libraries
configure:14610: result: yes
configure:14747: checking dynamic linker characteristics
configure:15128: g++ -o conftest -O2   -Wl,-rpath -Wl,/foo conftest.cpp  >&5
configure:15128: $? = 0
configure:15358: result: GNU/Linux ld.so
configure:15409: checking how to hardcode library paths into programs
configure:15434: result: immediate
configure:15585: checking for cos in -lm
configure:15610: gcc -o conftest -O2   conftest.c -lm   >&5
conftest.c:33:6: warning: conflicting types for built-in function 'cos' [enabled by default]
configure:15610: $? = 0
configure:15619: result: yes
configure:15633: checking if zlib is wanted
configure:15648: result: yes
configure:15682: checking for inflateEnd in -lz
configure:15707: gcc -o conftest -O2   conftest.c -lz   -lm >&5
configure:15707: $? = 0
configure:15716: result: yes
configure:15724: checking zlib.h usability
configure:15724: gcc -c -O2  conftest.c >&5
configure:15724: $? = 0
configure:15724: result: yes
configure:15724: checking zlib.h presence
configure:15724: gcc -E  conftest.c
configure:15724: $? = 0
configure:15724: result: yes
configure:15724: checking for zlib.h
configure:15724: result: yes
configure:15743: checking for inflateEnd in -lz
configure:15777: result: yes
configure:15788: checking zlib in /usr
configure:15790: result: ok
configure:15840: checking for iconv
configure:15862: gcc -o conftest -O2   conftest.c -lz  -lm >&5
configure:15862: $? = 0
configure:15894: result: yes
configure:15915: checking for iconv declaration
configure:15944: gcc -c -O2  conftest.c >&5
configure:15944: $? = 0
configure:15955: result: 
         extern size_t iconv (iconv_t cd, char * *inbuf, size_t *inbytesleft, char * *outbuf, size_t *outbytesleft);
configure:15969: checking for ANSI C header files
configure:16073: result: yes
configure:16084: checking libintl.h usability
configure:16084: gcc -c -O2  conftest.c >&5
configure:16084: $? = 0
configure:16084: result: yes
configure:16084: checking libintl.h presence
configure:16084: gcc -E  conftest.c
configure:16084: $? = 0
configure:16084: result: yes
configure:16084: checking for libintl.h
configure:16084: result: yes
configure:16084: checking locale.h usability
configure:16084: gcc -c -O2  conftest.c >&5
configure:16084: $? = 0
configure:16084: result: yes
configure:16084: checking locale.h presence
configure:16084: gcc -E  conftest.c
configure:16084: $? = 0
configure:16084: result: yes
configure:16084: checking for locale.h
configure:16084: result: yes
configure:16084: checking malloc.h usability
configure:16084: gcc -c -O2  conftest.c >&5
configure:16084: $? = 0
configure:16084: result: yes
configure:16084: checking malloc.h presence
configure:16084: gcc -E  conftest.c
configure:16084: $? = 0
configure:16084: result: yes
configure:16084: checking for malloc.h
configure:16084: result: yes
configure:16084: checking for stdint.h
configure:16084: result: yes
configure:16084: checking for stdlib.h
configure:16084: result: yes
configure:16084: checking for string.h
configure:16084: result: yes
configure:16084: checking for unistd.h
configure:16084: result: yes
configure:16084: checking sys/mman.h usability
configure:16084: gcc -c -O2  conftest.c >&5
configure:16084: $? = 0
configure:16084: result: yes
configure:16084: checking sys/mman.h presence
configure:16084: gcc -E  conftest.c
configure:16084: $? = 0
configure:16084: result: yes
configure:16084: checking for sys/mman.h
configure:16084: result: yes
configure:16084: checking utime.h usability
configure:16084: gcc -c -O2  conftest.c >&5
configure:16084: $? = 0
configure:16084: result: yes
configure:16084: checking utime.h presence
configure:16084: gcc -E  conftest.c
configure:16084: $? = 0
configure:16084: result: yes
configure:16084: checking for utime.h
configure:16084: result: yes
configure:16098: checking for stdbool.h that conforms to C99
configure:16165: gcc -c -O2  conftest.c >&5
configure:16165: $? = 0
configure:16172: result: yes
configure:16174: checking for _Bool
configure:16174: gcc -c -O2  conftest.c >&5
configure:16174: $? = 0
configure:16174: gcc -c -O2  conftest.c >&5
conftest.c: In function 'main':
conftest.c:75:20: error: expected expression before ')' token
configure:16174: $? = 1
configure: failed program was:
| /* confdefs.h */
| #define PACKAGE_NAME "exiv2"
| #define PACKAGE_TARNAME "exiv2"
| #define PACKAGE_VERSION "0.23"
| #define PACKAGE_STRING "exiv2 0.23"
| #define PACKAGE_BUGREPORT "ahuggel@gmx.net"
| #define PACKAGE_URL ""
| #define PACKAGE "exiv2"
| #define VERSION "0.23"
| #define ENABLE_NLS 1
| #define HAVE_GETTEXT 1
| #define HAVE_DCGETTEXT 1
| #define STDC_HEADERS 1
| #define HAVE_SYS_TYPES_H 1
| #define HAVE_SYS_STAT_H 1
| #define HAVE_STDLIB_H 1
| #define HAVE_STRING_H 1
| #define HAVE_MEMORY_H 1
| #define HAVE_STRINGS_H 1
| #define HAVE_INTTYPES_H 1
| #define HAVE_STDINT_H 1
| #define HAVE_UNISTD_H 1
| #define HAVE_DLFCN_H 1
| #define LT_OBJDIR ".libs/"
| #define HAVE_LIBZ 1
| #define HAVE_ICONV 1
| #define ICONV_CONST 
| #define STDC_HEADERS 1
| #define HAVE_LIBINTL_H 1
| #define HAVE_LOCALE_H 1
| #define HAVE_MALLOC_H 1
| #define HAVE_STDINT_H 1
| #define HAVE_STDLIB_H 1
| #define HAVE_STRING_H 1
| #define HAVE_UNISTD_H 1
| #define HAVE_SYS_MMAN_H 1
| #define HAVE_UTIME_H 1
| /* end confdefs.h.  */
| #include <stdio.h>
| #ifdef HAVE_SYS_TYPES_H
| # include <sys/types.h>
| #endif
| #ifdef HAVE_SYS_STAT_H
| # include <sys/stat.h>
| #endif
| #ifdef STDC_HEADERS
| # include <stdlib.h>
| # include <stddef.h>
| #else
| # ifdef HAVE_STDLIB_H
| #  include <stdlib.h>
| # endif
| #endif
| #ifdef HAVE_STRING_H
| # if !defined STDC_HEADERS && defined HAVE_MEMORY_H
| #  include <memory.h>
| # endif
| # include <string.h>
| #endif
| #ifdef HAVE_STRINGS_H
| # include <strings.h>
| #endif
| #ifdef HAVE_INTTYPES_H
| # include <inttypes.h>
| #endif
| #ifdef HAVE_STDINT_H
| # include <stdint.h>
| #endif
| #ifdef HAVE_UNISTD_H
| # include <unistd.h>
| #endif
| int
| main ()
| {
| if (sizeof ((_Bool)))
| 	    return 0;
|   ;
|   return 0;
| }
configure:16174: result: yes
configure:16191: checking for an ANSI C-conforming const
configure:16257: gcc -c -O2  conftest.c >&5
configure:16257: $? = 0
configure:16264: result: yes
configure:16272: checking for inline
configure:16288: gcc -c -O2  conftest.c >&5
configure:16288: $? = 0
configure:16296: result: inline
configure:16314: checking for pid_t
configure:16314: gcc -c -O2  conftest.c >&5
configure:16314: $? = 0
configure:16314: gcc -c -O2  conftest.c >&5
conftest.c: In function 'main':
conftest.c:77:20: error: expected expression before ')' token
configure:16314: $? = 1
configure: failed program was:
| /* confdefs.h */
| #define PACKAGE_NAME "exiv2"
| #define PACKAGE_TARNAME "exiv2"
| #define PACKAGE_VERSION "0.23"
| #define PACKAGE_STRING "exiv2 0.23"
| #define PACKAGE_BUGREPORT "ahuggel@gmx.net"
| #define PACKAGE_URL ""
| #define PACKAGE "exiv2"
| #define VERSION "0.23"
| #define ENABLE_NLS 1
| #define HAVE_GETTEXT 1
| #define HAVE_DCGETTEXT 1
| #define STDC_HEADERS 1
| #define HAVE_SYS_TYPES_H 1
| #define HAVE_SYS_STAT_H 1
| #define HAVE_STDLIB_H 1
| #define HAVE_STRING_H 1
| #define HAVE_MEMORY_H 1
| #define HAVE_STRINGS_H 1
| #define HAVE_INTTYPES_H 1
| #define HAVE_STDINT_H 1
| #define HAVE_UNISTD_H 1
| #define HAVE_DLFCN_H 1
| #define LT_OBJDIR ".libs/"
| #define HAVE_LIBZ 1
| #define HAVE_ICONV 1
| #define ICONV_CONST 
| #define STDC_HEADERS 1
| #define HAVE_LIBINTL_H 1
| #define HAVE_LOCALE_H 1
| #define HAVE_MALLOC_H 1
| #define HAVE_STDINT_H 1
| #define HAVE_STDLIB_H 1
| #define HAVE_STRING_H 1
| #define HAVE_UNISTD_H 1
| #define HAVE_SYS_MMAN_H 1
| #define HAVE_UTIME_H 1
| #define HAVE__BOOL 1
| #define HAVE_STDBOOL_H 1
| /* end confdefs.h.  */
| #include <stdio.h>
| #ifdef HAVE_SYS_TYPES_H
| # include <sys/types.h>
| #endif
| #ifdef HAVE_SYS_STAT_H
| # include <sys/stat.h>
| #endif
| #ifdef STDC_HEADERS
| # include <stdlib.h>
| # include <stddef.h>
| #else
| # ifdef HAVE_STDLIB_H
| #  include <stdlib.h>
| # endif
| #endif
| #ifdef HAVE_STRING_H
| # if !defined STDC_HEADERS && defined HAVE_MEMORY_H
| #  include <memory.h>
| # endif
| # include <string.h>
| #endif
| #ifdef HAVE_STRINGS_H
| # include <strings.h>
| #endif
| #ifdef HAVE_INTTYPES_H
| # include <inttypes.h>
| #endif
| #ifdef HAVE_STDINT_H
| # include <stdint.h>
| #endif
| #ifdef HAVE_UNISTD_H
| # include <unistd.h>
| #endif
| int
| main ()
| {
| if (sizeof ((pid_t)))
| 	    return 0;
|   ;
|   return 0;
| }
configure:16314: result: yes
configure:16325: checking for size_t
configure:16325: gcc -c -O2  conftest.c >&5
configure:16325: $? = 0
configure:16325: gcc -c -O2  conftest.c >&5
conftest.c: In function 'main':
conftest.c:77:21: error: expected expression before ')' token
configure:16325: $? = 1
configure: failed program was:
| /* confdefs.h */
| #define PACKAGE_NAME "exiv2"
| #define PACKAGE_TARNAME "exiv2"
| #define PACKAGE_VERSION "0.23"
| #define PACKAGE_STRING "exiv2 0.23"
| #define PACKAGE_BUGREPORT "ahuggel@gmx.net"
| #define PACKAGE_URL ""
| #define PACKAGE "exiv2"
| #define VERSION "0.23"
| #define ENABLE_NLS 1
| #define HAVE_GETTEXT 1
| #define HAVE_DCGETTEXT 1
| #define STDC_HEADERS 1
| #define HAVE_SYS_TYPES_H 1
| #define HAVE_SYS_STAT_H 1
| #define HAVE_STDLIB_H 1
| #define HAVE_STRING_H 1
| #define HAVE_MEMORY_H 1
| #define HAVE_STRINGS_H 1
| #define HAVE_INTTYPES_H 1
| #define HAVE_STDINT_H 1
| #define HAVE_UNISTD_H 1
| #define HAVE_DLFCN_H 1
| #define LT_OBJDIR ".libs/"
| #define HAVE_LIBZ 1
| #define HAVE_ICONV 1
| #define ICONV_CONST 
| #define STDC_HEADERS 1
| #define HAVE_LIBINTL_H 1
| #define HAVE_LOCALE_H 1
| #define HAVE_MALLOC_H 1
| #define HAVE_STDINT_H 1
| #define HAVE_STDLIB_H 1
| #define HAVE_STRING_H 1
| #define HAVE_UNISTD_H 1
| #define HAVE_SYS_MMAN_H 1
| #define HAVE_UTIME_H 1
| #define HAVE__BOOL 1
| #define HAVE_STDBOOL_H 1
| /* end confdefs.h.  */
| #include <stdio.h>
| #ifdef HAVE_SYS_TYPES_H
| # include <sys/types.h>
| #endif
| #ifdef HAVE_SYS_STAT_H
| # include <sys/stat.h>
| #endif
| #ifdef STDC_HEADERS
| # include <stdlib.h>
| # include <stddef.h>
| #else
| # ifdef HAVE_STDLIB_H
| #  include <stdlib.h>
| # endif
| #endif
| #ifdef HAVE_STRING_H
| # if !defined STDC_HEADERS && defined HAVE_MEMORY_H
| #  include <memory.h>
| # endif
| # include <string.h>
| #endif
| #ifdef HAVE_STRINGS_H
| # include <strings.h>
| #endif
| #ifdef HAVE_INTTYPES_H
| # include <inttypes.h>
| #endif
| #ifdef HAVE_STDINT_H
| # include <stdint.h>
| #endif
| #ifdef HAVE_UNISTD_H
| # include <unistd.h>
| #endif
| int
| main ()
| {
| if (sizeof ((size_t)))
| 	    return 0;
|   ;
|   return 0;
| }
configure:16325: result: yes
configure:16336: checking whether struct tm is in sys/time.h or time.h
configure:16356: gcc -c -O2  conftest.c >&5
configure:16356: $? = 0
configure:16363: result: time.h
configure:16391: checking for stdlib.h
configure:16391: result: yes
configure:16391: checking for unistd.h
configure:16391: result: yes
configure:16391: checking for sys/param.h
configure:16391: gcc -c -O2  conftest.c >&5
configure:16391: $? = 0
configure:16391: result: yes
configure:16411: checking for getpagesize
configure:16411: gcc -o conftest -O2   conftest.c -lz  -lm >&5
configure:16411: $? = 0
configure:16411: result: yes
configure:16420: checking for working mmap
configure:16567: gcc -o conftest -O2   conftest.c -lz  -lm >&5
configure:16567: $? = 0
configure:16567: ./conftest
configure:16567: $? = 0
configure:16577: result: yes
configure:16586: checking whether strerror_r is declared
configure:16586: gcc -c -O2  conftest.c >&5
configure:16586: $? = 0
configure:16586: result: yes
configure:16599: checking for strerror_r
configure:16599: gcc -o conftest -O2   conftest.c -lz  -lm >&5
configure:16599: $? = 0
configure:16599: result: yes
configure:16608: checking whether strerror_r returns char *
configure:16632: gcc -c -O2  conftest.c >&5
conftest.c: In function 'main':
conftest.c:86:13: error: invalid type argument of unary '*' (have 'int')
conftest.c:87:14: warning: initialization makes pointer from integer without a cast [enabled by default]
configure:16632: $? = 1
configure: failed program was:
| /* confdefs.h */
| #define PACKAGE_NAME "exiv2"
| #define PACKAGE_TARNAME "exiv2"
| #define PACKAGE_VERSION "0.23"
| #define PACKAGE_STRING "exiv2 0.23"
| #define PACKAGE_BUGREPORT "ahuggel@gmx.net"
| #define PACKAGE_URL ""
| #define PACKAGE "exiv2"
| #define VERSION "0.23"
| #define ENABLE_NLS 1
| #define HAVE_GETTEXT 1
| #define HAVE_DCGETTEXT 1
| #define STDC_HEADERS 1
| #define HAVE_SYS_TYPES_H 1
| #define HAVE_SYS_STAT_H 1
| #define HAVE_STDLIB_H 1
| #define HAVE_STRING_H 1
| #define HAVE_MEMORY_H 1
| #define HAVE_STRINGS_H 1
| #define HAVE_INTTYPES_H 1
| #define HAVE_STDINT_H 1
| #define HAVE_UNISTD_H 1
| #define HAVE_DLFCN_H 1
| #define LT_OBJDIR ".libs/"
| #define HAVE_LIBZ 1
| #define HAVE_ICONV 1
| #define ICONV_CONST 
| #define STDC_HEADERS 1
| #define HAVE_LIBINTL_H 1
| #define HAVE_LOCALE_H 1
| #define HAVE_MALLOC_H 1
| #define HAVE_STDINT_H 1
| #define HAVE_STDLIB_H 1
| #define HAVE_STRING_H 1
| #define HAVE_UNISTD_H 1
| #define HAVE_SYS_MMAN_H 1
| #define HAVE_UTIME_H 1
| #define HAVE__BOOL 1
| #define HAVE_STDBOOL_H 1
| #define HAVE_STDLIB_H 1
| #define HAVE_UNISTD_H 1
| #define HAVE_SYS_PARAM_H 1
| #define HAVE_GETPAGESIZE 1
| #define HAVE_MMAP 1
| #define HAVE_DECL_STRERROR_R 1
| #define HAVE_STRERROR_R 1
| /* end confdefs.h.  */
| #include <stdio.h>
| #ifdef HAVE_SYS_TYPES_H
| # include <sys/types.h>
| #endif
| #ifdef HAVE_SYS_STAT_H
| # include <sys/stat.h>
| #endif
| #ifdef STDC_HEADERS
| # include <stdlib.h>
| # include <stddef.h>
| #else
| # ifdef HAVE_STDLIB_H
| #  include <stdlib.h>
| # endif
| #endif
| #ifdef HAVE_STRING_H
| # if !defined STDC_HEADERS && defined HAVE_MEMORY_H
| #  include <memory.h>
| # endif
| # include <string.h>
| #endif
| #ifdef HAVE_STRINGS_H
| # include <strings.h>
| #endif
| #ifdef HAVE_INTTYPES_H
| # include <inttypes.h>
| #endif
| #ifdef HAVE_STDINT_H
| # include <stdint.h>
| #endif
| #ifdef HAVE_UNISTD_H
| # include <unistd.h>
| #endif
| int
| main ()
| {
| 
| 	  char buf[100];
| 	  char x = *strerror_r (0, buf, sizeof buf);
| 	  char *p = strerror_r (0, buf, sizeof buf);
| 	  return !p || x;
| 
|   ;
|   return 0;
| }
configure:16670: result: no
configure:16681: checking for gmtime_r
configure:16681: gcc -o conftest -O2   conftest.c -lz  -lm >&5
configure:16681: $? = 0
configure:16681: result: yes
configure:16681: checking for lstat
configure:16681: gcc -o conftest -O2   conftest.c -lz  -lm >&5
configure:16681: $? = 0
configure:16681: result: yes
configure:16681: checking for memset
configure:16681: gcc -o conftest -O2   conftest.c -lz  -lm >&5
conftest.c:73:6: warning: conflicting types for built-in function 'memset' [enabled by default]
configure:16681: $? = 0
configure:16681: result: yes
configure:16681: checking for mmap
configure:16681: gcc -o conftest -O2   conftest.c -lz  -lm >&5
configure:16681: $? = 0
configure:16681: result: yes
configure:16681: checking for munmap
configure:16681: gcc -o conftest -O2   conftest.c -lz  -lm >&5
configure:16681: $? = 0
configure:16681: result: yes
configure:16681: checking for strchr
configure:16681: gcc -o conftest -O2   conftest.c -lz  -lm >&5
conftest.c:76:6: warning: conflicting types for built-in function 'strchr' [enabled by default]
configure:16681: $? = 0
configure:16681: result: yes
configure:16681: checking for strerror
configure:16681: gcc -o conftest -O2   conftest.c -lz  -lm >&5
configure:16681: $? = 0
configure:16681: result: yes
configure:16681: checking for strtol
configure:16681: gcc -o conftest -O2   conftest.c -lz  -lm >&5
configure:16681: $? = 0
configure:16681: result: yes
configure:16692: checking for timegm
configure:16692: gcc -o conftest -O2   conftest.c -lz  -lm >&5
configure:16692: $? = 0
configure:16692: result: yes
configure:16707: checking whether to enable dependency tracking
configure:16716: result: yes
configure:16725: checking whether to enable symbol visibility support
configure:16734: result: yes
configure:16745: checking whether the C++ compiler accepts the -xldscope=hidden flag
configure:16774: g++ -c -O2 -xldscope=hidden  conftest.cpp >&5
g++: error: language ldscope=hidden not recognized
g++: error: language ldscope=hidden not recognized
configure:16774: $? = 1
configure: failed program was:
| /* confdefs.h */
| #define PACKAGE_NAME "exiv2"
| #define PACKAGE_TARNAME "exiv2"
| #define PACKAGE_VERSION "0.23"
| #define PACKAGE_STRING "exiv2 0.23"
| #define PACKAGE_BUGREPORT "ahuggel@gmx.net"
| #define PACKAGE_URL ""
| #define PACKAGE "exiv2"
| #define VERSION "0.23"
| #define ENABLE_NLS 1
| #define HAVE_GETTEXT 1
| #define HAVE_DCGETTEXT 1
| #define STDC_HEADERS 1
| #define HAVE_SYS_TYPES_H 1
| #define HAVE_SYS_STAT_H 1
| #define HAVE_STDLIB_H 1
| #define HAVE_STRING_H 1
| #define HAVE_MEMORY_H 1
| #define HAVE_STRINGS_H 1
| #define HAVE_INTTYPES_H 1
| #define HAVE_STDINT_H 1
| #define HAVE_UNISTD_H 1
| #define HAVE_DLFCN_H 1
| #define LT_OBJDIR ".libs/"
| #define HAVE_LIBZ 1
| #define HAVE_ICONV 1
| #define ICONV_CONST 
| #define STDC_HEADERS 1
| #define HAVE_LIBINTL_H 1
| #define HAVE_LOCALE_H 1
| #define HAVE_MALLOC_H 1
| #define HAVE_STDINT_H 1
| #define HAVE_STDLIB_H 1
| #define HAVE_STRING_H 1
| #define HAVE_UNISTD_H 1
| #define HAVE_SYS_MMAN_H 1
| #define HAVE_UTIME_H 1
| #define HAVE__BOOL 1
| #define HAVE_STDBOOL_H 1
| #define HAVE_STDLIB_H 1
| #define HAVE_UNISTD_H 1
| #define HAVE_SYS_PARAM_H 1
| #define HAVE_GETPAGESIZE 1
| #define HAVE_MMAP 1
| #define HAVE_DECL_STRERROR_R 1
| #define HAVE_STRERROR_R 1
| #define HAVE_GMTIME_R 1
| #define HAVE_LSTAT 1
| #define HAVE_MEMSET 1
| #define HAVE_MMAP 1
| #define HAVE_MUNMAP 1
| #define HAVE_STRCHR 1
| #define HAVE_STRERROR 1
| #define HAVE_STRTOL 1
| #define HAVE_TIMEGM 1
| /* end confdefs.h.  */
| 
| 
| int
| main ()
| {
| 
|   ;
|   return 0;
| }
| 
configure:16797: result: no
configure:16823: checking whether the C++ compiler accepts the -fvisibility-inlines-hidden flag
configure:16852: g++ -c -O2 -fvisibility-inlines-hidden  conftest.cpp >&5
configure:16852: $? = 0
configure:16875: result: yes
configure:16904: checking whether to use the lens database for Nikon lens names
configure:16913: result: yes
configure:16920: checking whether to compile a commercial version of the Exiv2 library
configure:16929: result: no
configure:16934: checking whether to enable XMP support (requires expat)
configure:16943: result: yes
configure:16973: checking expat.h usability
configure:16973: gcc -c -O2  conftest.c >&5
configure:16973: $? = 0
configure:16973: result: yes
configure:16973: checking expat.h presence
configure:16973: gcc -E  conftest.c
configure:16973: $? = 0
configure:16973: result: yes
configure:16973: checking for expat.h
configure:16973: result: yes
configure:16978: checking for XML_ParserCreate in -lexpat
configure:17003: gcc -o conftest -O2   conftest.c -lexpat  -lz  -lm >&5
configure:17003: $? = 0
configure:17012: result: yes
configure:17196: creating ./config.status

## ---------------------- ##
## Running config.status. ##
## ---------------------- ##

This file was extended by exiv2 config.status 0.23, which was
generated by GNU Autoconf 2.69.  Invocation command line was

  CONFIG_FILES    = 
  CONFIG_HEADERS  = 
  CONFIG_LINKS    = 
  CONFIG_COMMANDS = 
  $ ./config.status 

on mowgli

config.status:1165: creating ./Makefile
config.status:1165: creating ./config/config.mk
config.status:1165: creating ./config/exiv2.pc
config.status:1165: creating ./po/Makefile.in
config.status:1165: creating ./src/doxygen.hpp
config.status:1165: creating ./config/config.h
config.status:1354: executing default-1 commands
config.status:1354: executing libtool commands

## ---------------- ##
## Cache variables. ##
## ---------------- ##

ac_cv_build=i686-pc-linux-gnu
ac_cv_c_compiler_gnu=yes
ac_cv_c_const=yes
ac_cv_c_inline=inline
ac_cv_cxx_compiler_gnu=yes
ac_cv_env_CCC_set=
ac_cv_env_CCC_value=
ac_cv_env_CC_set=
ac_cv_env_CC_value=
ac_cv_env_CFLAGS_set=
ac_cv_env_CFLAGS_value=
ac_cv_env_CPPFLAGS_set=
ac_cv_env_CPPFLAGS_value=
ac_cv_env_CPP_set=
ac_cv_env_CPP_value=
ac_cv_env_CXXCPP_set=
ac_cv_env_CXXCPP_value=
ac_cv_env_CXXFLAGS_set=
ac_cv_env_CXXFLAGS_value=
ac_cv_env_CXX_set=
ac_cv_env_CXX_value=
ac_cv_env_LDFLAGS_set=
ac_cv_env_LDFLAGS_value=
ac_cv_env_LIBS_set=
ac_cv_env_LIBS_value=
ac_cv_env_build_alias_set=
ac_cv_env_build_alias_value=
ac_cv_env_host_alias_set=
ac_cv_env_host_alias_value=
ac_cv_env_target_alias_set=
ac_cv_env_target_alias_value=
ac_cv_func_getpagesize=yes
ac_cv_func_gmtime_r=yes
ac_cv_func_lstat=yes
ac_cv_func_memset=yes
ac_cv_func_mmap=yes
ac_cv_func_mmap_fixed_mapped=yes
ac_cv_func_munmap=yes
ac_cv_func_strchr=yes
ac_cv_func_strerror=yes
ac_cv_func_strerror_r=yes
ac_cv_func_strerror_r_char_p=no
ac_cv_func_strtol=yes
ac_cv_func_timegm=yes
ac_cv_have_decl_strerror_r=yes
ac_cv_header_dlfcn_h=yes
ac_cv_header_expat_h=yes
ac_cv_header_inttypes_h=yes
ac_cv_header_libintl_h=yes
ac_cv_header_locale_h=yes
ac_cv_header_malloc_h=yes
ac_cv_header_memory_h=yes
ac_cv_header_stdbool_h=yes
ac_cv_header_stdc=yes
ac_cv_header_stdint_h=yes
ac_cv_header_stdlib_h=yes
ac_cv_header_string_h=yes
ac_cv_header_strings_h=yes
ac_cv_header_sys_mman_h=yes
ac_cv_header_sys_param_h=yes
ac_cv_header_sys_stat_h=yes
ac_cv_header_sys_types_h=yes
ac_cv_header_unistd_h=yes
ac_cv_header_utime_h=yes
ac_cv_header_zlib_h=yes
ac_cv_host=i686-pc-linux-gnu
ac_cv_lib_expat_XML_ParserCreate=yes
ac_cv_lib_m_cos=yes
ac_cv_lib_z_inflateEnd=yes
ac_cv_objext=o
ac_cv_path_EGREP='/bin/grep -E'
ac_cv_path_FGREP='/bin/grep -F'
ac_cv_path_GMSGFMT=/usr/bin/msgfmt
ac_cv_path_GREP=/bin/grep
ac_cv_path_MSGFMT=/usr/bin/msgfmt
ac_cv_path_MSGMERGE=/usr/bin/msgmerge
ac_cv_path_SED=/bin/sed
ac_cv_path_XGETTEXT=/usr/bin/xgettext
ac_cv_path_install='/usr/bin/install -c'
ac_cv_prog_CPP='gcc -E'
ac_cv_prog_CXXCPP='g++ -E'
ac_cv_prog_ac_ct_AR=ar
ac_cv_prog_ac_ct_CC=gcc
ac_cv_prog_ac_ct_CXX=g++
ac_cv_prog_ac_ct_OBJDUMP=objdump
ac_cv_prog_ac_ct_RANLIB=ranlib
ac_cv_prog_ac_ct_STRIP=strip
ac_cv_prog_cc_c89=
ac_cv_prog_cc_g=no
ac_cv_prog_cxx_g=no
ac_cv_prog_make_make_set=yes
ac_cv_struct_tm=time.h
ac_cv_type__Bool=yes
ac_cv_type_pid_t=yes
ac_cv_type_size_t=yes
acl_cv_hardcode_direct=no
acl_cv_hardcode_libdir_flag_spec='${wl}-rpath ${wl}$libdir'
acl_cv_hardcode_libdir_separator=
acl_cv_hardcode_minus_L=no
acl_cv_libext=a
acl_cv_libname_spec='lib$name'
acl_cv_library_names_spec='$libname$shrext'
acl_cv_path_LD=/usr/bin/ld
acl_cv_prog_gnu_ld=yes
acl_cv_rpath=done
acl_cv_shlibext=so
acl_cv_wl=-Wl,
am_cv_func_iconv=yes
am_cv_lib_iconv=no
am_cv_proto_iconv='extern size_t iconv (iconv_t cd, char * *inbuf, size_t *inbytesleft, char * *outbuf, size_t *outbytesleft);'
am_cv_proto_iconv_arg1=
ax_cv_cxx_check_flag__fvisibility_inlines_hidden=yes
ax_cv_cxx_check_flag__xldscope_hidden=no
gt_cv_func_CFLocaleCopyCurrent=no
gt_cv_func_CFPreferencesCopyAppValue=no
gt_cv_func_gnugettext1_libc=yes
lt_cv_deplibs_check_method=pass_all
lt_cv_file_magic_cmd='$MAGIC_CMD'
lt_cv_file_magic_test_file=
lt_cv_ld_reload_flag=-r
lt_cv_nm_interface='BSD nm'
lt_cv_objdir=.libs
lt_cv_path_LD=/usr/bin/ld
lt_cv_path_LDCXX=/usr/bin/ld
lt_cv_path_NM='/usr/bin/nm -B'
lt_cv_prog_compiler_c_o=yes
lt_cv_prog_compiler_c_o_CXX=yes
lt_cv_prog_compiler_pic_works=yes
lt_cv_prog_compiler_pic_works_CXX=yes
lt_cv_prog_compiler_rtti_exceptions=no
lt_cv_prog_compiler_static_works=yes
lt_cv_prog_compiler_static_works_CXX=yes
lt_cv_prog_gnu_ld=yes
lt_cv_prog_gnu_ldcxx=yes
lt_cv_sys_global_symbol_pipe='sed -n -e '\''s/^.*[	 ]\([ABCDGIRSTW][ABCDGIRSTW]*\)[	 ][	 ]*\([_A-Za-z][_A-Za-z0-9]*\)$/\1 \2 \2/p'\'''
lt_cv_sys_global_symbol_to_c_name_address='sed -n -e '\''s/^: \([^ ]*\) $/  {\"\1\", (void *) 0},/p'\'' -e '\''s/^[ABCDGIRSTW]* \([^ ]*\) \([^ ]*\)$/  {"\2", (void *) \&\2},/p'\'''
lt_cv_sys_global_symbol_to_c_name_address_lib_prefix='sed -n -e '\''s/^: \([^ ]*\) $/  {\"\1\", (void *) 0},/p'\'' -e '\''s/^[ABCDGIRSTW]* \([^ ]*\) \(lib[^ ]*\)$/  {"\2", (void *) \&\2},/p'\'' -e '\''s/^[ABCDGIRSTW]* \([^ ]*\) \([^ ]*\)$/  {"lib\2", (void *) \&\2},/p'\'''
lt_cv_sys_global_symbol_to_cdecl='sed -n -e '\''s/^T .* \(.*\)$/extern int \1();/p'\'' -e '\''s/^[ABCDGIRSTW]* .* \(.*\)$/extern char \1;/p'\'''
lt_cv_sys_max_cmd_len=1572864
zlib_cv_libz=yes
zlib_cv_zlib_h=yes

## ----------------- ##
## Output variables. ##
## ----------------- ##

AR='ar'
CC='gcc'
CFLAGS='-O2'
COMMERCIAL_VERSION='no'
CPP='gcc -E'
CPPFLAGS=''
CXX='g++'
CXXCPP='g++ -E'
CXXFLAGS='-O2 -fvisibility=hidden -fvisibility-inlines-hidden'
DEFS='-DHAVE_CONFIG_H'
DEP_TRACKING='1'
DSYMUTIL=''
DUMPBIN=''
ECHO_C=''
ECHO_N='-n'
ECHO_T=''
EGREP='/bin/grep -E'
ENABLE_XMP='1'
EXEEXT=''
EXIV2_LTVERSION='12:0:0'
EXPAT_CPPFLAGS=''
EXPAT_LDFLAGS=''
EXPAT_LIBS='-lexpat'
EXV_LIB_STATIC=''
FGREP='/bin/grep -F'
GCC='yes'
GMSGFMT='/usr/bin/msgfmt'
GREP='/bin/grep'
GXX='yes'
HAVE_LIBZ='1'
HAVE_TIMEGM='1'
INSTALL_DATA='${INSTALL} -m 644'
INSTALL_PROGRAM='${INSTALL}'
INSTALL_SCRIPT='${INSTALL}'
INTLLIBS=''
INTL_MACOSX_LIBS=''
LD='/usr/bin/ld'
LDFLAGS=''
LIBICONV=''
LIBINTL=''
LIBM='-lm'
LIBOBJS=''
LIBS='-lz  -lm'
LIBTOOL='$(SHELL) $(top_builddir)/libtool'
LIBTOOL_DEPS='./config/ltmain.sh'
LIPO=''
LN_S='ln -s'
LTLIBICONV=''
LTLIBINTL=''
LTLIBOBJS=''
MKINSTALLDIRS='$(top_builddir)/./config/mkinstalldirs'
MSGFMT='/usr/bin/msgfmt'
MSGMERGE='/usr/bin/msgmerge'
NM='/usr/bin/nm -B'
NMEDIT=''
OBJDUMP='objdump'
OBJEXT='o'
OTOOL64=''
OTOOL=''
PACKAGE='exiv2'
PACKAGE_BUGREPORT='ahuggel@gmx.net'
PACKAGE_NAME='exiv2'
PACKAGE_STRING='exiv2 0.23'
PACKAGE_TARNAME='exiv2'
PACKAGE_URL=''
PACKAGE_VERSION='0.23'
PATH_SEPARATOR=':'
POSUB='po'
RANLIB='ranlib'
SED='/bin/sed'
SET_MAKE=''
SHELL='/bin/bash'
STRIP='strip'
USE_NLS='yes'
VERSION='0.23'
XGETTEXT='/usr/bin/xgettext'
ac_ct_CC='gcc'
ac_ct_CXX='g++'
ac_ct_DUMPBIN=''
bindir='${exec_prefix}/bin'
build='i686-pc-linux-gnu'
build_alias=''
build_cpu='i686'
build_os='linux-gnu'
build_vendor='pc'
datadir='${datarootdir}'
datarootdir='${prefix}/share'
docdir='${datarootdir}/doc/${PACKAGE_TARNAME}'
dvidir='${docdir}'
exec_prefix='${prefix}'
host='i686-pc-linux-gnu'
host_alias=''
host_cpu='i686'
host_os='linux-gnu'
host_vendor='pc'
htmldir='${docdir}'
includedir='${prefix}/include'
infodir='${datarootdir}/info'
libdir='${exec_prefix}/lib'
libexecdir='${exec_prefix}/libexec'
localedir='${datarootdir}/locale'
localstatedir='${prefix}/var'
lt_ECHO='echo'
mandir='${datarootdir}/man'
oldincludedir='/usr/include'
pdfdir='${docdir}'
prefix='/usr/local'
program_transform_name='s,x,x,'
psdir='${docdir}'
sbindir='${exec_prefix}/sbin'
sharedstatedir='${prefix}/com'
sysconfdir='${prefix}/etc'
target_alias=''

## ----------- ##
## confdefs.h. ##
## ----------- ##

/* confdefs.h */
#define PACKAGE_NAME "exiv2"
#define PACKAGE_TARNAME "exiv2"
#define PACKAGE_VERSION "0.23"
#define PACKAGE_STRING "exiv2 0.23"
#define PACKAGE_BUGREPORT "ahuggel@gmx.net"
#define PACKAGE_URL ""
#define PACKAGE "exiv2"
#define VERSION "0.23"
#define ENABLE_NLS 1
#define HAVE_GETTEXT 1
#define HAVE_DCGETTEXT 1
#define STDC_HEADERS 1
#define HAVE_SYS_TYPES_H 1
#define HAVE_SYS_STAT_H 1
#define HAVE_STDLIB_H 1
#define HAVE_STRING_H 1
#define HAVE_MEMORY_H 1
#define HAVE_STRINGS_H 1
#define HAVE_INTTYPES_H 1
#define HAVE_STDINT_H 1
#define HAVE_UNISTD_H 1
#define HAVE_DLFCN_H 1
#define LT_OBJDIR ".libs/"
#define HAVE_LIBZ 1
#define HAVE_ICONV 1
#define ICONV_CONST 
#define STDC_HEADERS 1
#define HAVE_LIBINTL_H 1
#define HAVE_LOCALE_H 1
#define HAVE_MALLOC_H 1
#define HAVE_STDINT_H 1
#define HAVE_STDLIB_H 1
#define HAVE_STRING_H 1
#define HAVE_UNISTD_H 1
#define HAVE_SYS_MMAN_H 1
#define HAVE_UTIME_H 1
#define HAVE__BOOL 1
#define HAVE_STDBOOL_H 1
#define HAVE_STDLIB_H 1
#define HAVE_UNISTD_H 1
#define HAVE_SYS_PARAM_H 1
#define HAVE_GETPAGESIZE 1
#define HAVE_MMAP 1
#define HAVE_DECL_STRERROR_R 1
#define HAVE_STRERROR_R 1
#define HAVE_GMTIME_R 1
#define HAVE_LSTAT 1
#define HAVE_MEMSET 1
#define HAVE_MMAP 1
#define HAVE_MUNMAP 1
#define HAVE_STRCHR 1
#define HAVE_STRERROR 1
#define HAVE_STRTOL 1
#define HAVE_TIMEGM 1
#define WANT_VISIBILITY_SUPPORT 1
#define HAVE_LENSDATA 1
#define HAVE_EXPAT_H 1
#define HAVE_EXPAT /**/
#define HAVE_XMP_TOOLKIT 1

configure: exit 0
